<?xml version="1.0" encoding="UTF-8"?>
<!-- Generated by org.testng.reporters.JUnitReportReporter -->
<testsuite hostname="LAPTOP-IQ06DEC2" failures="0" tests="4" name="com.runner.TestNg_Runner" time="4.332" errors="0" timestamp="2023-05-12T09:51:51 IST" skipped="0">
  <testcase classname="com.runner.TestNg_Runner" name="runScenario" time="3.455"/>
  <system-out/>
  <testcase classname="com.runner.TestNg_Runner" name="runScenario" time="0.415"/>
  <system-out/>
  <testcase classname="com.runner.TestNg_Runner" name="runScenario" time="0.261"/>
  <system-out/>
  <testcase classname="com.runner.TestNg_Runner" name="runScenario" time="0.201"/>
  <system-out/>
</testsuite> <!-- com.runner.TestNg_Runner -->
